[debug] [2025-03-21T18:03:27.230Z] ----------------------------------------------------------------------
[debug] [2025-03-21T18:03:27.234Z] Command:       C:\Program Files\nodejs\node.exe C:\Users\user\AppData\Roaming\npm\node_modules\firebase-tools\lib\bin\firebase.js init
[debug] [2025-03-21T18:03:27.235Z] CLI Version:   13.35.1
[debug] [2025-03-21T18:03:27.236Z] Platform:      win32
[debug] [2025-03-21T18:03:27.236Z] Node Version:  v18.19.1
[debug] [2025-03-21T18:03:27.238Z] Time:          Fri Mar 21 2025 21:03:27 GMT+0300 (GMT+03:00)
[debug] [2025-03-21T18:03:27.239Z] ----------------------------------------------------------------------
[debug] 
[debug] [2025-03-21T18:03:27.254Z] > command requires scopes: ["email","openid","https://www.googleapis.com/auth/cloudplatformprojects.readonly","https://www.googleapis.com/auth/firebase","https://www.googleapis.com/auth/cloud-platform"]
[debug] [2025-03-21T18:03:27.255Z] > authorizing via signed-in user (haddbidd@gmail.com)
[info] 
     ######## #### ########  ######## ########     ###     ######  ########
     ##        ##  ##     ## ##       ##     ##  ##   ##  ##       ##
     ######    ##  ########  ######   ########  #########  ######  ######
     ##        ##  ##    ##  ##       ##     ## ##     ##       ## ##
     ##       #### ##     ## ######## ########  ##     ##  ######  ########

You're about to initialize a Firebase project in this directory:

  C:\Users\user\Desktop\dev\e-commerce

[info] 
=== Project Setup
[info] 
[info] First, let's associate this project directory with a Firebase project.
[info] You can create multiple project aliases by running firebase use --add, 
[info] but for now we'll just set up a default project.
[info] 
[debug] [2025-03-21T18:03:40.280Z] Checked if tokens are valid: true, expires at: 1742582767911
[debug] [2025-03-21T18:03:40.281Z] Checked if tokens are valid: true, expires at: 1742582767911
[debug] [2025-03-21T18:03:40.283Z] >>> [apiv2][query] GET https://firebase.googleapis.com/v1beta1/projects pageSize=100
[debug] [2025-03-21T18:03:41.117Z] <<< [apiv2][status] GET https://firebase.googleapis.com/v1beta1/projects 200
[debug] [2025-03-21T18:03:41.117Z] <<< [apiv2][body] GET https://firebase.googleapis.com/v1beta1/projects [omitted]
